<?xml version="1.0" encoding="UTF-8" ?>
<testsuite tests="12" failures="0" name="org.diff.gestalt.GestaltDiffImplTest" time="0.038" errors="0" skipped="0">
  <properties>
    <property name="java.runtime.name" value="Java(TM) SE Runtime Environment"/>
    <property name="sun.boot.library.path" value="C:\Program Files\Java\jdk1.8.0_31\jre\bin"/>
    <property name="java.vm.version" value="25.31-b07"/>
    <property name="java.vm.vendor" value="Oracle Corporation"/>
    <property name="maven.multiModuleProjectDirectory" value="C:\JavaIDE\eclipse-jee-neon-R-win32-x86_64\workspace\gestalt-diff"/>
    <property name="java.vendor.url" value="http://java.oracle.com/"/>
    <property name="path.separator" value=";"/>
    <property name="guice.disable.misplaced.annotation.check" value="true"/>
    <property name="java.vm.name" value="Java HotSpot(TM) 64-Bit Server VM"/>
    <property name="file.encoding.pkg" value="sun.io"/>
    <property name="user.script" value=""/>
    <property name="user.country" value="US"/>
    <property name="sun.java.launcher" value="SUN_STANDARD"/>
    <property name="sun.os.patch.level" value=""/>
    <property name="java.vm.specification.name" value="Java Virtual Machine Specification"/>
    <property name="user.dir" value="C:\JavaIDE\eclipse-jee-neon-R-win32-x86_64\workspace\gestalt-diff"/>
    <property name="java.runtime.version" value="1.8.0_31-b13"/>
    <property name="java.awt.graphicsenv" value="sun.awt.Win32GraphicsEnvironment"/>
    <property name="java.endorsed.dirs" value="C:\Program Files\Java\jdk1.8.0_31\jre\lib\endorsed"/>
    <property name="os.arch" value="amd64"/>
    <property name="java.io.tmpdir" value="C:\Users\sasa\AppData\Local\Temp\"/>
    <property name="line.separator" value="
"/>
    <property name="java.vm.specification.vendor" value="Oracle Corporation"/>
    <property name="user.variant" value=""/>
    <property name="os.name" value="Windows 8.1"/>
    <property name="classworlds.conf" value="C:\JavaIDE\eclipse-jee-neon-R-win32-x86_64\workspace\.metadata\.plugins\org.eclipse.m2e.launching\launches\m2conf7216255747676162627.tmp"/>
    <property name="sun.jnu.encoding" value="Cp1252"/>
    <property name="java.library.path" value="C:\Program Files\Java\jdk1.8.0_31\bin;C:\Windows\Sun\Java\bin;C:\Windows\system32;C:\Windows;C:/Program Files/Java/jdk1.8.0_31/bin/../jre/bin/server;C:/Program Files/Java/jdk1.8.0_31/bin/../jre/bin;C:/Program Files/Java/jdk1.8.0_31/bin/../jre/lib/amd64;C:\ProgramData\Oracle\Java\javapath;C:\Windows\system32;C:\Windows;C:\Windows\System32\Wbem;C:\Windows\System32\WindowsPowerShell\v1.0\;C:\Program Files (x86)\Windows Live\Shared;C:\apache-maven-3.3.1\bin;C:\Program Files\Java\jdk1.8.0_31\bin;C:\apache-ant-1.9.4/bin;C:\Program Files (x86)\GtkSharp\2.12\bin;c:\Program Files (x86)\Microsoft SQL Server\100\Tools\Binn\;c:\Program Files\Microsoft SQL Server\100\Tools\Binn\;c:\Program Files\Microsoft SQL Server\100\DTS\Binn\;C:\gradle-2.11\bin;C:\Program Files\Git\cmd;C:\Program Files (x86)\Skype\Phone\;C:\Program Files (x86)\Brackets\command;C:\Users\sasa\AppData\Local\atom\bin;C:\JavaIDE\eclipse-jee-neon-R-win32-x86_64\eclipse;;."/>
    <property name="java.specification.name" value="Java Platform API Specification"/>
    <property name="java.class.version" value="52.0"/>
    <property name="sun.management.compiler" value="HotSpot 64-Bit Tiered Compilers"/>
    <property name="os.version" value="6.3"/>
    <property name="user.home" value="C:\Users\sasa"/>
    <property name="user.timezone" value="Europe/Prague"/>
    <property name="java.awt.printerjob" value="sun.awt.windows.WPrinterJob"/>
    <property name="java.specification.version" value="1.8"/>
    <property name="file.encoding" value="Cp1252"/>
    <property name="user.name" value="sasa"/>
    <property name="java.class.path" value="/C:/JavaIDE/eclipse-jee-neon-R-win32-x86_64/eclipse/plugins/org.eclipse.m2e.maven.runtime_1.7.0.20160603-1931/jars/plexus-classworlds-2.5.2.jar"/>
    <property name="java.vm.specification.version" value="1.8"/>
    <property name="sun.arch.data.model" value="64"/>
    <property name="java.home" value="C:\Program Files\Java\jdk1.8.0_31\jre"/>
    <property name="sun.java.command" value="org.codehaus.plexus.classworlds.launcher.Launcher -B install"/>
    <property name="java.specification.vendor" value="Oracle Corporation"/>
    <property name="user.language" value="en"/>
    <property name="awt.toolkit" value="sun.awt.windows.WToolkit"/>
    <property name="java.vm.info" value="mixed mode"/>
    <property name="java.version" value="1.8.0_31"/>
    <property name="java.ext.dirs" value="C:\Program Files\Java\jdk1.8.0_31\jre\lib\ext;C:\Windows\Sun\Java\lib\ext"/>
    <property name="sun.boot.class.path" value="C:\Program Files\Java\jdk1.8.0_31\jre\lib\resources.jar;C:\Program Files\Java\jdk1.8.0_31\jre\lib\rt.jar;C:\Program Files\Java\jdk1.8.0_31\jre\lib\sunrsasign.jar;C:\Program Files\Java\jdk1.8.0_31\jre\lib\jsse.jar;C:\Program Files\Java\jdk1.8.0_31\jre\lib\jce.jar;C:\Program Files\Java\jdk1.8.0_31\jre\lib\charsets.jar;C:\Program Files\Java\jdk1.8.0_31\jre\lib\jfr.jar;C:\Program Files\Java\jdk1.8.0_31\jre\classes"/>
    <property name="java.vendor" value="Oracle Corporation"/>
    <property name="maven.home" value="C:\JavaIDE\eclipse-jee-neon-R-win32-x86_64\workspace\gestalt-diff\EMBEDDED"/>
    <property name="file.separator" value="\"/>
    <property name="java.vendor.url.bug" value="http://bugreport.sun.com/bugreport/"/>
    <property name="sun.cpu.endian" value="little"/>
    <property name="sun.io.unicode.encoding" value="UnicodeLittle"/>
    <property name="sun.desktop" value="windows"/>
    <property name="sun.cpu.isalist" value="amd64"/>
  </properties>
  <testcase classname="org.diff.gestalt.GestaltDiffImplTest" name="testFindLongesEqualStringWithImaginaryMatrix_Equal_2" time="0.02"/>
  <testcase classname="org.diff.gestalt.GestaltDiffImplTest" name="testFindLongesEqualStringWithImaginaryMatrix_Equal_3" time="0.001"/>
  <testcase classname="org.diff.gestalt.GestaltDiffImplTest" name="testFindLongesEqualStringWithImaginaryMatrix_Equal_4" time="0"/>
  <testcase classname="org.diff.gestalt.GestaltDiffImplTest" name="testFindLongesEqualStringWithImaginaryMatrix_Equal_5" time="0.001"/>
  <testcase classname="org.diff.gestalt.GestaltDiffImplTest" name="testFindLongesEqualStringWithImaginaryMatrix_Equal_6" time="0"/>
  <testcase classname="org.diff.gestalt.GestaltDiffImplTest" name="testFindLongesEqualStringWithImaginaryMatrix_Equal_7" time="0.001"/>
  <testcase classname="org.diff.gestalt.GestaltDiffImplTest" name="testFindLongesEqualStringWithImaginaryMatrix_Equal" time="0.001"/>
  <testcase classname="org.diff.gestalt.GestaltDiffImplTest" name="testDiffStrings_1" time="0.011"/>
  <testcase classname="org.diff.gestalt.GestaltDiffImplTest" name="testDiffListChars_Change" time="0.001"/>
  <testcase classname="org.diff.gestalt.GestaltDiffImplTest" name="testDiffListChars_Delete" time="0"/>
  <testcase classname="org.diff.gestalt.GestaltDiffImplTest" name="testDiffListChars_Equals" time="0"/>
  <testcase classname="org.diff.gestalt.GestaltDiffImplTest" name="testDiffListChars_Insert" time="0.002"/>
</testsuite>